-- The C compiler identification is GNU 11.4.0
-- The CXX compiler identification is GNU 11.4.0
-- Detecting C compiler ABI info
-- Detecting C compiler ABI info - done
-- Check for working C compiler: /usr/bin/cc - skipped
-- Detecting C compile features
-- Detecting C compile features - done
-- Detecting CXX compiler ABI info
-- Detecting CXX compiler ABI info - done
-- Check for working CXX compiler: /usr/bin/c++ - skipped
-- Detecting CXX compile features
-- Detecting CXX compile features - done
-- Found ament_cmake: 1.3.10 (/opt/ros/humble/share/ament_cmake/cmake)
-- Found Python3: /usr/bin/python3 (found version "3.10.12") found components: Interpreter 
-- Found ament_lint_auto: 0.12.11 (/opt/ros/humble/share/ament_lint_auto/cmake)
-- Added test 'lint_cmake' to check CMake code style
-- Added test 'xmllint' to check XML markup files
-- Configuring done
-- Generating done
-- Build files have been written to: /home/julian/Documents/J-Point/build/J-Point
-- Install configuration: ""
-- Installing: /home/julian/Documents/J-Point/install/J-Point/share/ament_index/resource_index/package_run_dependencies/J-Point
-- Installing: /home/julian/Documents/J-Point/install/J-Point/share/ament_index/resource_index/parent_prefix_path/J-Point
-- Installing: /home/julian/Documents/J-Point/install/J-Point/share/J-Point/environment/ament_prefix_path.sh
-- Installing: /home/julian/Documents/J-Point/install/J-Point/share/J-Point/environment/ament_prefix_path.dsv
-- Installing: /home/julian/Documents/J-Point/install/J-Point/share/J-Point/environment/path.sh
-- Installing: /home/julian/Documents/J-Point/install/J-Point/share/J-Point/environment/path.dsv
-- Installing: /home/julian/Documents/J-Point/install/J-Point/share/J-Point/local_setup.bash
-- Installing: /home/julian/Documents/J-Point/install/J-Point/share/J-Point/local_setup.sh
-- Installing: /home/julian/Documents/J-Point/install/J-Point/share/J-Point/local_setup.zsh
-- Installing: /home/julian/Documents/J-Point/install/J-Point/share/J-Point/local_setup.dsv
-- Installing: /home/julian/Documents/J-Point/install/J-Point/share/J-Point/package.dsv
-- Installing: /home/julian/Documents/J-Point/install/J-Point/share/ament_index/resource_index/packages/J-Point
-- Installing: /home/julian/Documents/J-Point/install/J-Point/share/J-Point/cmake/J-PointConfig.cmake
-- Installing: /home/julian/Documents/J-Point/install/J-Point/share/J-Point/cmake/J-PointConfig-version.cmake
-- Installing: /home/julian/Documents/J-Point/install/J-Point/share/J-Point/package.xml
