[0.008s] Invoking command in '/home/julian/Documents/J-Point/build/J-Point': CMAKE_PREFIX_PATH=/opt/ros/humble /usr/bin/cmake /home/julian/Documents/J-Point/src/J-Point -DCMAKE_INSTALL_PREFIX=/home/julian/Documents/J-Point/install/J-Point
[0.119s] -- The C compiler identification is GNU 11.4.0
[0.184s] -- The CXX compiler identification is GNU 11.4.0
[0.191s] -- Detecting C compiler ABI info
[0.248s] -- Detecting C compiler ABI info - done
[0.253s] -- Check for working C compiler: /usr/bin/cc - skipped
[0.253s] -- Detecting C compile features
[0.254s] -- Detecting C compile features - done
[0.257s] -- Detecting CXX compiler ABI info
[0.321s] -- Detecting CXX compiler ABI info - done
[0.326s] -- Check for working CXX compiler: /usr/bin/c++ - skipped
[0.327s] -- Detecting CXX compile features
[0.327s] -- Detecting CXX compile features - done
[0.331s] -- Found ament_cmake: 1.3.10 (/opt/ros/humble/share/ament_cmake/cmake)
[0.434s] -- Found Python3: /usr/bin/python3 (found version "3.10.12") found components: Interpreter 
[0.503s] -- Found ament_lint_auto: 0.12.11 (/opt/ros/humble/share/ament_lint_auto/cmake)
[0.545s] WARNING: Package name "J-Point" does not follow the naming conventions. It should start with a lower case letter and only contain lower case letters, digits, underscores, and dashes.
[0.567s] -- Added test 'lint_cmake' to check CMake code style
[0.568s] -- Added test 'xmllint' to check XML markup files
[0.569s] -- Configuring done
[0.571s] -- Generating done
[0.572s] -- Build files have been written to: /home/julian/Documents/J-Point/build/J-Point
[0.577s] Invoked command in '/home/julian/Documents/J-Point/build/J-Point' returned '0': CMAKE_PREFIX_PATH=/opt/ros/humble /usr/bin/cmake /home/julian/Documents/J-Point/src/J-Point -DCMAKE_INSTALL_PREFIX=/home/julian/Documents/J-Point/install/J-Point
[0.578s] Invoking command in '/home/julian/Documents/J-Point/build/J-Point': CMAKE_PREFIX_PATH=/opt/ros/humble /usr/bin/cmake --build /home/julian/Documents/J-Point/build/J-Point -- -j12 -l12
[0.614s] Invoked command in '/home/julian/Documents/J-Point/build/J-Point' returned '0': CMAKE_PREFIX_PATH=/opt/ros/humble /usr/bin/cmake --build /home/julian/Documents/J-Point/build/J-Point -- -j12 -l12
[0.648s] Invoking command in '/home/julian/Documents/J-Point/build/J-Point': CMAKE_PREFIX_PATH=/opt/ros/humble /usr/bin/cmake --install /home/julian/Documents/J-Point/build/J-Point
[0.654s] -- Install configuration: ""
[0.654s] -- Installing: /home/julian/Documents/J-Point/install/J-Point/share/ament_index/resource_index/package_run_dependencies/J-Point
[0.655s] -- Installing: /home/julian/Documents/J-Point/install/J-Point/share/ament_index/resource_index/parent_prefix_path/J-Point
[0.655s] -- Installing: /home/julian/Documents/J-Point/install/J-Point/share/J-Point/environment/ament_prefix_path.sh
[0.655s] -- Installing: /home/julian/Documents/J-Point/install/J-Point/share/J-Point/environment/ament_prefix_path.dsv
[0.655s] -- Installing: /home/julian/Documents/J-Point/install/J-Point/share/J-Point/environment/path.sh
[0.655s] -- Installing: /home/julian/Documents/J-Point/install/J-Point/share/J-Point/environment/path.dsv
[0.655s] -- Installing: /home/julian/Documents/J-Point/install/J-Point/share/J-Point/local_setup.bash
[0.655s] -- Installing: /home/julian/Documents/J-Point/install/J-Point/share/J-Point/local_setup.sh
[0.655s] -- Installing: /home/julian/Documents/J-Point/install/J-Point/share/J-Point/local_setup.zsh
[0.655s] -- Installing: /home/julian/Documents/J-Point/install/J-Point/share/J-Point/local_setup.dsv
[0.655s] -- Installing: /home/julian/Documents/J-Point/install/J-Point/share/J-Point/package.dsv
[0.656s] -- Installing: /home/julian/Documents/J-Point/install/J-Point/share/ament_index/resource_index/packages/J-Point
[0.656s] -- Installing: /home/julian/Documents/J-Point/install/J-Point/share/J-Point/cmake/J-PointConfig.cmake
[0.656s] -- Installing: /home/julian/Documents/J-Point/install/J-Point/share/J-Point/cmake/J-PointConfig-version.cmake
[0.656s] -- Installing: /home/julian/Documents/J-Point/install/J-Point/share/J-Point/package.xml
[0.659s] Invoked command in '/home/julian/Documents/J-Point/build/J-Point' returned '0': CMAKE_PREFIX_PATH=/opt/ros/humble /usr/bin/cmake --install /home/julian/Documents/J-Point/build/J-Point
